\\FILER.CS.TAMU.EDU\LWEST\MS_WINDOWS\CPSC_REDIRECTED\DESKTOP\CSCE315-RDBMS-TEAME.GIT\RDBMS_TEAME\DEBUG\RDBMS_TEAME.ILK
\\FILER.CS.TAMU.EDU\LWEST\MS_WINDOWS\CPSC_REDIRECTED\DESKTOP\CSCE315-RDBMS-TEAME.GIT\RDBMS_TEAME\DEBUG\RDBMS_TEAME.EXE
\\FILER.CS.TAMU.EDU\LWEST\MS_WINDOWS\CPSC_REDIRECTED\DESKTOP\CSCE315-RDBMS-TEAME.GIT\RDBMS_TEAME\DEBUG\RDBMS_TEAME.PDB
\\FILER.CS.TAMU.EDU\LWEST\MS_WINDOWS\CPSC_REDIRECTED\DESKTOP\CSCE315-RDBMS-TEAME.GIT\RDBMS_TEAME\RDBMS_TEAME\DEBUG\ATTRIBUTE.OBJ
\\FILER.CS.TAMU.EDU\LWEST\MS_WINDOWS\CPSC_REDIRECTED\DESKTOP\CSCE315-RDBMS-TEAME.GIT\RDBMS_TEAME\RDBMS_TEAME\DEBUG\DATABASE_ENGINE_MAIN.OBJ
\\FILER.CS.TAMU.EDU\LWEST\MS_WINDOWS\CPSC_REDIRECTED\DESKTOP\CSCE315-RDBMS-TEAME.GIT\RDBMS_TEAME\RDBMS_TEAME\DEBUG\TABLE.OBJ
\\FILER.CS.TAMU.EDU\LWEST\MS_WINDOWS\CPSC_REDIRECTED\DESKTOP\CSCE315-RDBMS-TEAME.GIT\RDBMS_TEAME\RDBMS_TEAME\DEBUG\TUPLE.OBJ
\\FILER.CS.TAMU.EDU\LWEST\MS_WINDOWS\CPSC_REDIRECTED\DESKTOP\CSCE315-RDBMS-TEAME.GIT\RDBMS_TEAME\RDBMS_TEAME\DEBUG\VC110.PDB
\\filer.cs.tamu.edu\lwest\ms_windows\cpsc_redirected\Desktop\CSCE315-RDBMS-TeamE.git\RDBMS_TeamE\RDBMS_TeamE\Debug\Database_Engine_Main.obj
\\filer.cs.tamu.edu\lwest\ms_windows\cpsc_redirected\Desktop\CSCE315-RDBMS-TeamE.git\RDBMS_TeamE\RDBMS_TeamE\Debug\Attribute.obj
\\filer.cs.tamu.edu\lwest\ms_windows\cpsc_redirected\Desktop\CSCE315-RDBMS-TeamE.git\RDBMS_TeamE\RDBMS_TeamE\Debug\Tuple.obj
\\filer.cs.tamu.edu\lwest\ms_windows\cpsc_redirected\Desktop\CSCE315-RDBMS-TeamE.git\RDBMS_TeamE\RDBMS_TeamE\Debug\link-cvtres.read.1.tlog
\\filer.cs.tamu.edu\lwest\ms_windows\cpsc_redirected\Desktop\CSCE315-RDBMS-TeamE.git\RDBMS_TeamE\RDBMS_TeamE\Debug\link.command.1.tlog
\\filer.cs.tamu.edu\lwest\ms_windows\cpsc_redirected\Desktop\CSCE315-RDBMS-TeamE.git\RDBMS_TeamE\RDBMS_TeamE\Debug\link-cvtres.write.1.tlog
\\filer.cs.tamu.edu\lwest\ms_windows\cpsc_redirected\Desktop\CSCE315-RDBMS-TeamE.git\RDBMS_TeamE\RDBMS_TeamE\Debug\link.write.1.tlog
\\filer.cs.tamu.edu\lwest\ms_windows\cpsc_redirected\Desktop\CSCE315-RDBMS-TeamE.git\RDBMS_TeamE\RDBMS_TeamE\Debug\CL.write.1.tlog
\\filer.cs.tamu.edu\lwest\ms_windows\cpsc_redirected\Desktop\CSCE315-RDBMS-TeamE.git\RDBMS_TeamE\RDBMS_TeamE\Debug\link.read.1.tlog
\\filer.cs.tamu.edu\lwest\ms_windows\cpsc_redirected\Desktop\CSCE315-RDBMS-TeamE.git\RDBMS_TeamE\RDBMS_TeamE\Debug\link-rc.read.1.tlog
\\filer.cs.tamu.edu\lwest\ms_windows\cpsc_redirected\Desktop\CSCE315-RDBMS-TeamE.git\RDBMS_TeamE\RDBMS_TeamE\Debug\link-rc.write.1.tlog
\\filer.cs.tamu.edu\lwest\ms_windows\cpsc_redirected\Desktop\CSCE315-RDBMS-TeamE.git\RDBMS_TeamE\RDBMS_TeamE\Debug\CL.read.1.tlog
\\filer.cs.tamu.edu\lwest\ms_windows\cpsc_redirected\Desktop\CSCE315-RDBMS-TeamE.git\RDBMS_TeamE\RDBMS_TeamE\Debug\cl.command.1.tlog
\\filer.cs.tamu.edu\lwest\ms_windows\cpsc_redirected\Desktop\CSCE315-RDBMS-TeamE.git\RDBMS_TeamE\RDBMS_TeamE\Debug\vc110.idb
\\filer.cs.tamu.edu\lwest\ms_windows\cpsc_redirected\Desktop\CSCE315-RDBMS-TeamE.git\RDBMS_TeamE\RDBMS_TeamE\Debug\vc110.pdb
\\filer.cs.tamu.edu\lwest\ms_windows\cpsc_redirected\Desktop\CSCE315-RDBMS-TeamE.git\RDBMS_TeamE\Debug\RDBMS_TeamE.pdb
\\filer.cs.tamu.edu\lwest\ms_windows\cpsc_redirected\Desktop\CSCE315-RDBMS-TeamE.git\RDBMS_TeamE\Debug\RDBMS_TeamE.exe
\\filer.cs.tamu.edu\lwest\ms_windows\cpsc_redirected\Desktop\CSCE315-RDBMS-TeamE.git\RDBMS_TeamE\Debug\RDBMS_TeamE.ilk
