Build started 2/7/2014 6:18:37 PM.
     1>Project "\\filer.cs.tamu.edu\lwest\ms_windows\cpsc_redirected\Desktop\RDBMS_TeamE\RDBMS_TeamE\RDBMS_TeamE.vcxproj" on node 2 (Rebuild target(s)).
     1>InitializeBuildStatus:
         Creating "Debug\RDBMS_TeamE.unsuccessfulbuild" because "AlwaysCreate" was specified.
       ClCompile:
         C:\Program Files (x86)\Microsoft Visual Studio 11.0\VC\bin\CL.exe /c /ZI /nologo /W3 /WX- /sdl /Od /Oy- /D WIN32 /D _DEBUG /D _CONSOLE /D _UNICODE /D UNICODE /Gm /EHsc /RTC1 /MDd /GS /fp:precise /Zc:wchar_t /Zc:forScope /Fo"Debug\\" /Fd"Debug\vc110.pdb" /Gd /TP /analyze- /errorReport:prompt Attribute.cpp Database_Engine_Main.cpp Table.cpp Tuple.cpp
         Tuple.cpp
         Table.cpp
         Database_Engine_Main.cpp
         Attribute.cpp
         Generating Code...
       Link:
         C:\Program Files (x86)\Microsoft Visual Studio 11.0\VC\bin\link.exe /ERRORREPORT:PROMPT /OUT:"\\filer.cs.tamu.edu\lwest\ms_windows\cpsc_redirected\Desktop\RDBMS_TeamE\Debug\RDBMS_TeamE.exe" /INCREMENTAL /NOLOGO kernel32.lib user32.lib gdi32.lib winspool.lib comdlg32.lib advapi32.lib shell32.lib ole32.lib oleaut32.lib uuid.lib odbc32.lib odbccp32.lib /MANIFEST /MANIFESTUAC:"level='asInvoker' uiAccess='false'" /manifest:embed /DEBUG /PDB:"\\filer.cs.tamu.edu\lwest\ms_windows\cpsc_redirected\Desktop\RDBMS_TeamE\Debug\RDBMS_TeamE.pdb" /SUBSYSTEM:CONSOLE /TLBID:1 /DYNAMICBASE /NXCOMPAT /IMPLIB:"\\filer.cs.tamu.edu\lwest\ms_windows\cpsc_redirected\Desktop\RDBMS_TeamE\Debug\RDBMS_TeamE.lib" /MACHINE:X86 Debug\Attribute.obj
         Debug\Database_Engine_Main.obj
         Debug\Table.obj
         Debug\Tuple.obj
         RDBMS_TeamE.vcxproj -> \\filer.cs.tamu.edu\lwest\ms_windows\cpsc_redirected\Desktop\RDBMS_TeamE\Debug\RDBMS_TeamE.exe
       FinalizeBuildStatus:
         Deleting file "Debug\RDBMS_TeamE.unsuccessfulbuild".
         Touching "Debug\RDBMS_TeamE.lastbuildstate".
     1>Done Building Project "\\filer.cs.tamu.edu\lwest\ms_windows\cpsc_redirected\Desktop\RDBMS_TeamE\RDBMS_TeamE\RDBMS_TeamE.vcxproj" (Rebuild target(s)).

Build succeeded.

Time Elapsed 00:00:04.70
