\\FILER.CS.TAMU.EDU\LWEST\MS_WINDOWS\CPSC_REDIRECTED\DESKTOP\CSCE315-RDBMS-TEAME.GIT\RDBMS_TEAME\RDBMS_MAIN\DEBUG\DATABASE_ENGINE_MAIN.OBJ
\\FILER.CS.TAMU.EDU\LWEST\MS_WINDOWS\CPSC_REDIRECTED\DESKTOP\CSCE315-RDBMS-TEAME.GIT\RDBMS_TEAME\RDBMS_MAIN\DEBUG\VC110.PDB
\\FILER.CS.TAMU.EDU\LWEST\MS_WINDOWS\CPSC_REDIRECTED\DESKTOP\CSCE315-RDBMS-TEAME.GIT\RDBMS_TEAME\DEBUG\RDBMS_MAIN.ILK
\\FILER.CS.TAMU.EDU\LWEST\MS_WINDOWS\CPSC_REDIRECTED\DESKTOP\CSCE315-RDBMS-TEAME.GIT\RDBMS_TEAME\DEBUG\RDBMS_MAIN.EXE
\\FILER.CS.TAMU.EDU\LWEST\MS_WINDOWS\CPSC_REDIRECTED\DESKTOP\CSCE315-RDBMS-TEAME.GIT\RDBMS_TEAME\DEBUG\RDBMS_MAIN.PDB
\\filer.cs.tamu.edu\lwest\ms_windows\cpsc_redirected\Desktop\CSCE315-RDBMS-TeamE.git\RDBMS_TeamE\RDBMS_Main\Debug\RDBMS_Main.vcxprojResolveAssemblyReference.cache
\\filer.cs.tamu.edu\lwest\ms_windows\cpsc_redirected\Desktop\CSCE315-RDBMS-TeamE.git\RDBMS_TeamE\RDBMS_Main\Debug\Database_Engine_Main.obj
\\filer.cs.tamu.edu\lwest\ms_windows\cpsc_redirected\Desktop\CSCE315-RDBMS-TeamE.git\RDBMS_TeamE\RDBMS_Main\Debug\CL.write.1.tlog
\\filer.cs.tamu.edu\lwest\ms_windows\cpsc_redirected\Desktop\CSCE315-RDBMS-TeamE.git\RDBMS_TeamE\RDBMS_Main\Debug\link.read.1.tlog
\\filer.cs.tamu.edu\lwest\ms_windows\cpsc_redirected\Desktop\CSCE315-RDBMS-TeamE.git\RDBMS_TeamE\RDBMS_Main\Debug\link.command.1.tlog
\\filer.cs.tamu.edu\lwest\ms_windows\cpsc_redirected\Desktop\CSCE315-RDBMS-TeamE.git\RDBMS_TeamE\RDBMS_Main\Debug\link-rc.write.1.tlog
\\filer.cs.tamu.edu\lwest\ms_windows\cpsc_redirected\Desktop\CSCE315-RDBMS-TeamE.git\RDBMS_TeamE\RDBMS_Main\Debug\link-cvtres.read.1.tlog
\\filer.cs.tamu.edu\lwest\ms_windows\cpsc_redirected\Desktop\CSCE315-RDBMS-TeamE.git\RDBMS_TeamE\RDBMS_Main\Debug\CL.read.1.tlog
\\filer.cs.tamu.edu\lwest\ms_windows\cpsc_redirected\Desktop\CSCE315-RDBMS-TeamE.git\RDBMS_TeamE\RDBMS_Main\Debug\link-cvtres.write.1.tlog
\\filer.cs.tamu.edu\lwest\ms_windows\cpsc_redirected\Desktop\CSCE315-RDBMS-TeamE.git\RDBMS_TeamE\RDBMS_Main\Debug\link-rc.read.1.tlog
\\filer.cs.tamu.edu\lwest\ms_windows\cpsc_redirected\Desktop\CSCE315-RDBMS-TeamE.git\RDBMS_TeamE\RDBMS_Main\Debug\cl.command.1.tlog
\\filer.cs.tamu.edu\lwest\ms_windows\cpsc_redirected\Desktop\CSCE315-RDBMS-TeamE.git\RDBMS_TeamE\RDBMS_Main\Debug\link.write.1.tlog
\\filer.cs.tamu.edu\lwest\ms_windows\cpsc_redirected\Desktop\CSCE315-RDBMS-TeamE.git\RDBMS_TeamE\RDBMS_Main\Debug\vc110.idb
\\filer.cs.tamu.edu\lwest\ms_windows\cpsc_redirected\Desktop\CSCE315-RDBMS-TeamE.git\RDBMS_TeamE\RDBMS_Main\Debug\vc110.pdb
\\filer.cs.tamu.edu\lwest\ms_windows\cpsc_redirected\Desktop\CSCE315-RDBMS-TeamE.git\RDBMS_TeamE\Debug\RDBMS_Main.pdb
\\filer.cs.tamu.edu\lwest\ms_windows\cpsc_redirected\Desktop\CSCE315-RDBMS-TeamE.git\RDBMS_TeamE\Debug\RDBMS_Main.exe
\\filer.cs.tamu.edu\lwest\ms_windows\cpsc_redirected\Desktop\CSCE315-RDBMS-TeamE.git\RDBMS_TeamE\Debug\RDBMS_Main.ilk
